{
  "RSpec": {
    "coverage": {
      "/Users/jenningsanderson/Documents/Static-Bliss/lib/Static-Bliss.rb": [
        null,
        1,
        1,
        null,
        1,
        0,
        null,
        null,
        1,
        0,
        null,
        null
      ],
      "/Users/jenningsanderson/Documents/Static-Bliss/lib/aws/bucket_manager.rb": [
        1,
        1,
        null,
        1,
        null,
        1,
        null,
        1,
        null,
        4,
        null,
        null,
        null,
        null,
        1,
        4,
        null,
        null,
        1,
        4,
        1,
        null,
        3,
        null,
        4,
        null,
        null,
        1,
        1,
        null,
        6,
        null,
        1,
        3,
        null,
        null,
        null,
        1,
        6,
        16,
        6,
        null,
        null,
        1,
        5,
        null,
        null
      ]
    },
    "timestamp": 1402552839
  }
}
